mode: set
user-server/signup/db/extra_tests.go:12.62,13.24 1 0
user-server/signup/db/extra_tests.go:13.24,15.6 1 0
user-server/signup/db/extra_tests.go:17.5,20.19 4 0
user-server/signup/db/extra_tests.go:20.19,22.6 1 0
user-server/signup/db/extra_tests.go:23.5,33.52 7 0
user-server/signup/db/extra_tests.go:33.52,35.6 1 0
user-server/signup/db/extra_tests.go:38.5,41.85 2 0
user-server/signup/db/extra_tests.go:41.85,43.6 1 0
user-server/signup/db/extra_tests.go:46.5,46.85 1 0
user-server/signup/db/extra_tests.go:46.85,48.6 1 0
user-server/signup/db/extra_tests.go:51.5,51.37 1 0
user-server/signup/db/initializer.go:12.63,21.16 3 0
user-server/signup/db/initializer.go:21.16,23.3 1 0
user-server/signup/db/initializer.go:25.2,26.16 2 0
user-server/signup/db/initializer.go:26.16,28.3 1 0
user-server/signup/db/mongo.go:15.70,17.2 1 1
user-server/signup/db/mongo.go:19.73,21.16 2 1
user-server/signup/db/mongo.go:21.16,22.37 1 0
user-server/signup/db/mongo.go:22.37,24.4 1 0
user-server/signup/db/mongo.go:25.3,25.13 1 0
user-server/signup/db/mongo.go:27.2,27.12 1 1
user-server/signup/db/mongo.go:30.82,34.16 4 1
user-server/signup/db/mongo.go:34.16,35.43 1 0
user-server/signup/db/mongo.go:35.43,37.4 1 0
user-server/signup/db/mongo.go:38.3,38.18 1 0
user-server/signup/db/mongo.go:40.2,40.19 1 1
user-server/signup/db/mongo.go:43.113,51.16 4 1
user-server/signup/db/mongo.go:51.16,52.43 1 0
user-server/signup/db/mongo.go:52.43,54.4 1 0
user-server/signup/db/mongo.go:55.3,55.18 1 0
user-server/signup/db/mongo.go:57.2,57.19 1 1
user-server/signup/db/mongo.go:60.92,64.16 4 1
user-server/signup/db/mongo.go:64.16,65.37 1 0
user-server/signup/db/mongo.go:65.37,67.4 1 0
user-server/signup/db/mongo.go:68.3,68.13 1 0
user-server/signup/db/mongo.go:70.2,70.12 1 1
user-server/signup/db/mongo.go:73.120,77.16 4 1
user-server/signup/db/mongo.go:77.16,78.37 1 0
user-server/signup/db/mongo.go:78.37,80.4 1 0
user-server/signup/db/mongo.go:81.3,81.13 1 0
user-server/signup/db/mongo.go:83.2,83.12 1 1
user-server/signup/db/mongo.go:86.84,89.16 3 1
user-server/signup/db/mongo.go:89.16,91.3 1 0
user-server/signup/db/mongo.go:92.2,92.36 1 1
user-server/signup/db/mongo.go:92.36,94.3 1 0
user-server/signup/db/mongo.go:95.2,95.12 1 1
user-server/signup/db/mongo.go:98.76,101.16 3 0
user-server/signup/db/mongo.go:101.16,103.3 1 0
user-server/signup/db/mongo.go:104.2,104.36 1 0
user-server/signup/db/mongo.go:104.36,106.3 1 0
user-server/signup/db/mongo.go:107.2,107.12 1 0
user-server/signup/db/mongo.go:110.89,113.16 3 1
user-server/signup/db/mongo.go:113.16,115.3 1 0
user-server/signup/db/mongo.go:116.2,116.24 1 1
user-server/signup/db/mongo.go:119.115,126.16 3 1
user-server/signup/db/mongo.go:126.16,128.3 1 0
user-server/signup/db/mongo.go:129.2,129.24 1 1
user-server/signup/db/mongo.go:132.45,137.2 1 1
user-server/signup/db/more_tests.go:15.98,16.24 1 0
user-server/signup/db/more_tests.go:16.24,18.6 1 0
user-server/signup/db/more_tests.go:20.5,22.19 3 0
user-server/signup/db/more_tests.go:22.19,24.6 1 0
user-server/signup/db/more_tests.go:25.5,37.65 6 0
user-server/signup/db/more_tests.go:37.65,39.6 1 0
user-server/signup/db/more_tests.go:41.5,46.49 4 0
user-server/signup/db/more_tests.go:46.49,48.6 1 0
user-server/signup/db/more_tests.go:51.5,51.49 1 0
user-server/signup/db/more_tests.go:51.49,53.6 1 0
user-server/signup/db/more_tests.go:53.11,54.59 1 0
user-server/signup/db/more_tests.go:54.59,57.10 1 0
user-server/signup/db/more_tests.go:61.5,61.94 1 0
user-server/signup/db/more_tests.go:61.94,63.6 1 0
user-server/signup/db/more_tests.go:66.5,66.94 1 0
user-server/signup/db/more_tests.go:66.94,68.6 1 0
user-server/signup/db/more_tests.go:68.11,69.54 1 0
user-server/signup/db/more_tests.go:69.54,71.10 1 0
user-server/signup/db/more_tests.go:75.5,76.19 2 0
user-server/signup/db/more_tests.go:76.19,78.6 1 0
user-server/signup/db/more_tests.go:79.5,79.15 1 0
user-server/signup/db/more_tests.go:79.15,81.6 1 0
user-server/signup/db/more_tests.go:84.5,84.38 1 0
user-server/signup/db/more_tests.go:87.93,88.24 1 0
user-server/signup/db/more_tests.go:88.24,90.6 1 0
user-server/signup/db/more_tests.go:92.5,94.19 3 0
user-server/signup/db/more_tests.go:94.19,96.6 1 0
user-server/signup/db/more_tests.go:97.5,108.49 8 0
user-server/signup/db/more_tests.go:108.49,110.6 1 0
user-server/signup/db/more_tests.go:113.5,113.95 1 0
user-server/signup/db/more_tests.go:113.95,115.6 1 0
user-server/signup/db/more_tests.go:118.5,118.95 1 0
user-server/signup/db/more_tests.go:118.95,120.6 1 0
user-server/signup/db/more_tests.go:123.5,123.49 1 0
user-server/signup/db/more_tests.go:123.49,125.6 1 0
user-server/signup/db/more_tests.go:126.5,127.19 2 0
user-server/signup/db/more_tests.go:127.19,129.6 1 0
user-server/signup/db/more_tests.go:130.5,130.16 1 0
user-server/signup/db/more_tests.go:130.16,132.6 1 0
